I, [2015-10-18T11:14:04.149546 #6599]  INFO -- default-centos-70: -----> Converging <default-centos-70>...
I, [2015-10-18T11:14:04.149853 #6599]  INFO -- default-centos-70: Preparing files for transfer
I, [2015-10-18T11:14:04.149924 #6599]  INFO -- default-centos-70: Preparing dna.json
I, [2015-10-18T11:14:04.150080 #6599]  INFO -- default-centos-70: Resolving cookbook dependencies with Berkshelf 4.0.1...
I, [2015-10-18T11:14:05.365056 #6599]  INFO -- default-centos-70: Removing non-cookbook files before transfer
I, [2015-10-18T11:14:05.367055 #6599]  INFO -- default-centos-70: Preparing solo.rb
I, [2015-10-18T11:14:05.634953 #6599]  INFO -- default-centos-70: -----> Chef Omnibus installation detected (install only if missing)
I, [2015-10-18T11:14:05.674941 #6599]  INFO -- default-centos-70: Transferring files to <default-centos-70>
I, [2015-10-18T11:14:09.202464 #6599]  INFO -- default-centos-70: Starting Chef Client, version 12.5.1
I, [2015-10-18T11:14:15.241298 #6599]  INFO -- default-centos-70: Compiling Cookbooks...
I, [2015-10-18T11:14:15.276623 #6599]  INFO -- default-centos-70: Converging 13 resources
I, [2015-10-18T11:14:15.276811 #6599]  INFO -- default-centos-70: Recipe: selinux::_common
I, [2015-10-18T11:14:16.536396 #6599]  INFO -- default-centos-70:  (up to date)
I, [2015-10-18T11:14:16.536461 #6599]  INFO -- default-centos-70:   * directory[/etc/selinux] action create (up to date)
I, [2015-10-18T11:14:16.536483 #6599]  INFO -- default-centos-70: Recipe: selinux::permissive
I, [2015-10-18T11:14:16.560774 #6599]  INFO -- default-centos-70:  (up to date)
I, [2015-10-18T11:14:16.560841 #6599]  INFO -- default-centos-70: Recipe: mongodb::repo
I, [2015-10-18T11:14:16.560861 #6599]  INFO -- default-centos-70:   * yum_repository[mongodb] action create
I, [2015-10-18T11:14:16.572218 #6599]  INFO -- default-centos-70:  (up to date)
I, [2015-10-18T11:14:16.572284 #6599]  INFO -- default-centos-70:     * execute[yum clean headers mongodb] action nothing (skipped due to action :nothing)
I, [2015-10-18T11:14:16.572306 #6599]  INFO -- default-centos-70:     * execute[yum-makecache-mongodb] action nothing (skipped due to action :nothing)
I, [2015-10-18T11:14:16.572322 #6599]  INFO -- default-centos-70:     * ruby_block[yum-cache-reload-mongodb] action nothing (skipped due to action :nothing)
I, [2015-10-18T11:14:16.572335 #6599]  INFO -- default-centos-70:      (up to date)
I, [2015-10-18T11:14:16.572349 #6599]  INFO -- default-centos-70: Recipe: mongodb::server
I, [2015-10-18T11:14:16.572361 #6599]  INFO -- default-centos-70:   * yum_package[mongodb-org-server] action install (up to date)
I, [2015-10-18T11:14:16.875837 #6599]  INFO -- default-centos-70:   * service[mongod] action start (up to date)
I, [2015-10-18T11:14:17.169936 #6599]  INFO -- default-centos-70:  (up to date)
I, [2015-10-18T11:14:17.473056 #6599]  INFO -- default-centos-70:  (up to date)
I, [2015-10-18T11:14:17.755192 #6599]  INFO -- default-centos-70:  (up to date)
I, [2015-10-18T11:14:18.036082 #6599]  INFO -- default-centos-70:  (up to date)
I, [2015-10-18T11:14:18.036142 #6599]  INFO -- default-centos-70:   * firewalld_port[27017/tcp] action add (up to date)
I, [2015-10-18T11:14:18.210645 #6599]  INFO -- default-centos-70:  (skipped due to not_if)
I, [2015-10-18T11:14:18.210823 #6599]  INFO -- default-centos-70:   * template[/etc/mongod.conf] action create (up to date)
I, [2015-10-18T11:14:18.210883 #6599]  INFO -- default-centos-70: Recipe: mongodb::shell
I, [2015-10-18T11:14:18.214898 #6599]  INFO -- default-centos-70: 
I, [2015-10-18T11:14:18.214952 #6599]  INFO -- default-centos-70:     
I, [2015-10-18T11:14:18.214967 #6599]  INFO -- default-centos-70:     ================================================================================
I, [2015-10-18T11:14:18.214979 #6599]  INFO -- default-centos-70:     Error executing action `install` on resource 'yum_package[mongodb-org-shell]'
I, [2015-10-18T11:14:18.215001 #6599]  INFO -- default-centos-70:     ================================================================================
I, [2015-10-18T11:14:18.215012 #6599]  INFO -- default-centos-70:     
I, [2015-10-18T11:14:18.215031 #6599]  INFO -- default-centos-70:     Chef::Exceptions::Package
I, [2015-10-18T11:14:18.215053 #6599]  INFO -- default-centos-70:     -------------------------
I, [2015-10-18T11:14:18.215063 #6599]  INFO -- default-centos-70:     Version 3.0.7-1-el7 of mongodb-org-shell not found. Did you specify both version and release? (version-release, e.g. 1.84-10.fc6)
I, [2015-10-18T11:14:18.215073 #6599]  INFO -- default-centos-70:     
I, [2015-10-18T11:14:18.215082 #6599]  INFO -- default-centos-70:     Resource Declaration:
I, [2015-10-18T11:14:18.215092 #6599]  INFO -- default-centos-70:     ---------------------
I, [2015-10-18T11:14:18.215102 #6599]  INFO -- default-centos-70:     # In /tmp/kitchen/cookbooks/mongodb/recipes/shell.rb
I, [2015-10-18T11:14:18.215122 #6599]  INFO -- default-centos-70:     
I, [2015-10-18T11:14:18.215131 #6599]  INFO -- default-centos-70:       5: package 'mongodb-org-shell' do
I, [2015-10-18T11:14:18.215141 #6599]  INFO -- default-centos-70:       6:   action :install
I, [2015-10-18T11:14:18.215160 #6599]  INFO -- default-centos-70:       7:   version '3.0.7-1-el7'
I, [2015-10-18T11:14:18.215179 #6599]  INFO -- default-centos-70:       8: end
I, [2015-10-18T11:14:18.215189 #6599]  INFO -- default-centos-70:       9: 
I, [2015-10-18T11:14:18.215198 #6599]  INFO -- default-centos-70:     
I, [2015-10-18T11:14:18.215216 #6599]  INFO -- default-centos-70:     Compiled Resource:
I, [2015-10-18T11:14:18.215225 #6599]  INFO -- default-centos-70:     ------------------
I, [2015-10-18T11:14:18.215234 #6599]  INFO -- default-centos-70:     # Declared in /tmp/kitchen/cookbooks/mongodb/recipes/shell.rb:5:in `from_file'
I, [2015-10-18T11:14:18.215243 #6599]  INFO -- default-centos-70:     
I, [2015-10-18T11:14:18.215264 #6599]  INFO -- default-centos-70:     yum_package("mongodb-org-shell") do
I, [2015-10-18T11:14:18.215273 #6599]  INFO -- default-centos-70:       action [:install]
I, [2015-10-18T11:14:18.215281 #6599]  INFO -- default-centos-70:       retries 0
I, [2015-10-18T11:14:18.215290 #6599]  INFO -- default-centos-70:       retry_delay 2
I, [2015-10-18T11:14:18.215300 #6599]  INFO -- default-centos-70:       default_guard_interpreter :default
I, [2015-10-18T11:14:18.215309 #6599]  INFO -- default-centos-70:       package_name "mongodb-org-shell"
I, [2015-10-18T11:14:18.215318 #6599]  INFO -- default-centos-70:       version "3.0.7-1-el7"
I, [2015-10-18T11:14:18.215327 #6599]  INFO -- default-centos-70:       flush_cache {:before=>false, :after=>false}
I, [2015-10-18T11:14:18.215335 #6599]  INFO -- default-centos-70:       declared_type :package
I, [2015-10-18T11:14:18.215344 #6599]  INFO -- default-centos-70:       cookbook_name :mongodb
I, [2015-10-18T11:14:18.215353 #6599]  INFO -- default-centos-70:       recipe_name "shell"
I, [2015-10-18T11:14:18.215362 #6599]  INFO -- default-centos-70:     end
I, [2015-10-18T11:14:18.215370 #6599]  INFO -- default-centos-70:     
I, [2015-10-18T11:14:18.215379 #6599]  INFO -- default-centos-70: 
I, [2015-10-18T11:14:18.215388 #6599]  INFO -- default-centos-70: Running handlers:
I, [2015-10-18T11:14:18.215397 #6599]  INFO -- default-centos-70: [2015-10-18T18:14:16+00:00] ERROR: Running exception handlers
I, [2015-10-18T11:14:18.215407 #6599]  INFO -- default-centos-70: Running handlers complete
I, [2015-10-18T11:14:18.215416 #6599]  INFO -- default-centos-70: [2015-10-18T18:14:16+00:00] ERROR: Exception handlers complete
I, [2015-10-18T11:14:18.216101 #6599]  INFO -- default-centos-70: Chef Client failed. 0 resources updated in 09 seconds
I, [2015-10-18T11:14:18.236256 #6599]  INFO -- default-centos-70: [2015-10-18T18:14:16+00:00] FATAL: Stacktrace dumped to /tmp/kitchen/cache/chef-stacktrace.out
I, [2015-10-18T11:14:18.236313 #6599]  INFO -- default-centos-70: [2015-10-18T18:14:16+00:00] ERROR: yum_package[mongodb-org-shell] (mongodb::shell line 5) had an error: Chef::Exceptions::Package: Version 3.0.7-1-el7 of mongodb-org-shell not found. Did you specify both version and release? (version-release, e.g. 1.84-10.fc6)
I, [2015-10-18T11:14:18.316908 #6599]  INFO -- default-centos-70: [2015-10-18T18:14:16+00:00] FATAL: Chef::Exceptions::ChildConvergeError: Chef run process exited unsuccessfully (exit code 1)
E, [2015-10-18T11:14:18.355180 #6599] ERROR -- default-centos-70: Converge failed on instance <default-centos-70>.
E, [2015-10-18T11:14:18.355390 #6599] ERROR -- default-centos-70: ------Exception-------
E, [2015-10-18T11:14:18.355414 #6599] ERROR -- default-centos-70: Class: Kitchen::ActionFailed
E, [2015-10-18T11:14:18.355430 #6599] ERROR -- default-centos-70: Message: SSH exited (1) for command: [sh -c '

sudo -E /opt/chef/bin/chef-solo --config /tmp/kitchen/solo.rb --log_level auto --force-formatter --no-color --json-attributes /tmp/kitchen/dna.json
']
E, [2015-10-18T11:14:18.355443 #6599] ERROR -- default-centos-70: ---Nested Exception---
E, [2015-10-18T11:14:18.355455 #6599] ERROR -- default-centos-70: Class: Kitchen::Transport::SshFailed
E, [2015-10-18T11:14:18.355503 #6599] ERROR -- default-centos-70: Message: SSH exited (1) for command: [sh -c '

sudo -E /opt/chef/bin/chef-solo --config /tmp/kitchen/solo.rb --log_level auto --force-formatter --no-color --json-attributes /tmp/kitchen/dna.json
']
E, [2015-10-18T11:14:18.355514 #6599] ERROR -- default-centos-70: ------Backtrace-------
E, [2015-10-18T11:14:18.355523 #6599] ERROR -- default-centos-70: /var/lib/gems/2.2.0/gems/test-kitchen-1.4.2/lib/kitchen/provisioner/base.rb:74:in `rescue in call'
E, [2015-10-18T11:14:18.355533 #6599] ERROR -- default-centos-70: /var/lib/gems/2.2.0/gems/test-kitchen-1.4.2/lib/kitchen/provisioner/base.rb:77:in `call'
E, [2015-10-18T11:14:18.355544 #6599] ERROR -- default-centos-70: /var/lib/gems/2.2.0/gems/test-kitchen-1.4.2/lib/kitchen/instance.rb:366:in `block in converge_action'
E, [2015-10-18T11:14:18.355553 #6599] ERROR -- default-centos-70: /var/lib/gems/2.2.0/gems/test-kitchen-1.4.2/lib/kitchen/instance.rb:488:in `call'
E, [2015-10-18T11:14:18.355563 #6599] ERROR -- default-centos-70: /var/lib/gems/2.2.0/gems/test-kitchen-1.4.2/lib/kitchen/instance.rb:488:in `synchronize_or_call'
E, [2015-10-18T11:14:18.355572 #6599] ERROR -- default-centos-70: /var/lib/gems/2.2.0/gems/test-kitchen-1.4.2/lib/kitchen/instance.rb:453:in `block in action'
E, [2015-10-18T11:14:18.355581 #6599] ERROR -- default-centos-70: /usr/lib/ruby/2.2.0/benchmark.rb:288:in `measure'
E, [2015-10-18T11:14:18.355590 #6599] ERROR -- default-centos-70: /var/lib/gems/2.2.0/gems/test-kitchen-1.4.2/lib/kitchen/instance.rb:452:in `action'
E, [2015-10-18T11:14:18.355603 #6599] ERROR -- default-centos-70: /var/lib/gems/2.2.0/gems/test-kitchen-1.4.2/lib/kitchen/instance.rb:362:in `converge_action'
E, [2015-10-18T11:14:18.355612 #6599] ERROR -- default-centos-70: /var/lib/gems/2.2.0/gems/test-kitchen-1.4.2/lib/kitchen/instance.rb:341:in `block in transition_to'
E, [2015-10-18T11:14:18.355621 #6599] ERROR -- default-centos-70: /var/lib/gems/2.2.0/gems/test-kitchen-1.4.2/lib/kitchen/instance.rb:340:in `each'
E, [2015-10-18T11:14:18.355630 #6599] ERROR -- default-centos-70: /var/lib/gems/2.2.0/gems/test-kitchen-1.4.2/lib/kitchen/instance.rb:340:in `transition_to'
E, [2015-10-18T11:14:18.355639 #6599] ERROR -- default-centos-70: /var/lib/gems/2.2.0/gems/test-kitchen-1.4.2/lib/kitchen/instance.rb:160:in `verify'
E, [2015-10-18T11:14:18.355649 #6599] ERROR -- default-centos-70: /var/lib/gems/2.2.0/gems/test-kitchen-1.4.2/lib/kitchen/command.rb:176:in `public_send'
E, [2015-10-18T11:14:18.355658 #6599] ERROR -- default-centos-70: /var/lib/gems/2.2.0/gems/test-kitchen-1.4.2/lib/kitchen/command.rb:176:in `block (2 levels) in run_action'
E, [2015-10-18T11:14:18.355668 #6599] ERROR -- default-centos-70: ----------------------
