I, [2015-10-18T05:35:13.412124 #10928]  INFO -- Kitchen: -----> Starting Kitchen (v1.4.2)
I, [2015-10-18T05:35:13.724220 #10928]  INFO -- Kitchen: -----> Cleaning up any prior instances of <default-centos-71>
I, [2015-10-18T05:35:13.724553 #10928]  INFO -- Kitchen: -----> Destroying <default-centos-71>...
I, [2015-10-18T05:35:15.795262 #10928]  INFO -- Kitchen: -----> Testing <default-centos-71>
I, [2015-10-18T05:35:15.795333 #10928]  INFO -- Kitchen: -----> Creating <default-centos-71>...
I, [2015-10-18T05:35:45.271827 #10928]  INFO -- Kitchen: -----> Converging <default-centos-71>...
I, [2015-10-18T05:38:13.567303 #10928]  INFO -- Kitchen: -----> Setting up <default-centos-71>...
I, [2015-10-18T05:38:13.568116 #10928]  INFO -- Kitchen: -----> Verifying <default-centos-71>...
I, [2015-10-18T05:38:13.569513 #10928]  INFO -- Kitchen: -----> Destroying <default-centos-71>...
I, [2015-10-18T05:38:16.871281 #10928]  INFO -- Kitchen: -----> Cleaning up any prior instances of <server-centos-71>
I, [2015-10-18T05:38:16.871356 #10928]  INFO -- Kitchen: -----> Destroying <server-centos-71>...
I, [2015-10-18T05:38:16.871623 #10928]  INFO -- Kitchen: -----> Testing <server-centos-71>
I, [2015-10-18T05:38:16.871677 #10928]  INFO -- Kitchen: -----> Creating <server-centos-71>...
I, [2015-10-18T05:38:45.775901 #10928]  INFO -- Kitchen: -----> Converging <server-centos-71>...
I, [2015-10-18T05:40:30.283297 #10928]  INFO -- Kitchen: -----> Setting up <server-centos-71>...
I, [2015-10-18T05:40:30.284412 #10928]  INFO -- Kitchen: -----> Verifying <server-centos-71>...
I, [2015-10-18T05:40:45.322819 #10928]  INFO -- Kitchen: -----> Destroying <server-centos-71>...
I, [2015-10-18T05:40:47.427907 #10928]  INFO -- Kitchen: -----> Cleaning up any prior instances of <shell-centos-71>
I, [2015-10-18T05:40:47.427983 #10928]  INFO -- Kitchen: -----> Destroying <shell-centos-71>...
I, [2015-10-18T05:40:47.428393 #10928]  INFO -- Kitchen: -----> Testing <shell-centos-71>
I, [2015-10-18T05:40:47.428462 #10928]  INFO -- Kitchen: -----> Creating <shell-centos-71>...
I, [2015-10-18T05:41:16.419929 #10928]  INFO -- Kitchen: -----> Converging <shell-centos-71>...
I, [2015-10-18T05:42:50.229280 #10928]  INFO -- Kitchen: -----> Setting up <shell-centos-71>...
I, [2015-10-18T05:42:50.229980 #10928]  INFO -- Kitchen: -----> Verifying <shell-centos-71>...
I, [2015-10-18T05:43:05.459224 #10928]  INFO -- Kitchen: -----> Destroying <shell-centos-71>...
I, [2015-10-18T05:43:07.547388 #10928]  INFO -- Kitchen: -----> Cleaning up any prior instances of <tools-centos-71>
I, [2015-10-18T05:43:07.547489 #10928]  INFO -- Kitchen: -----> Destroying <tools-centos-71>...
I, [2015-10-18T05:43:07.547927 #10928]  INFO -- Kitchen: -----> Testing <tools-centos-71>
I, [2015-10-18T05:43:07.547992 #10928]  INFO -- Kitchen: -----> Creating <tools-centos-71>...
I, [2015-10-18T05:43:36.273635 #10928]  INFO -- Kitchen: -----> Converging <tools-centos-71>...
I, [2015-10-18T05:45:11.202522 #10928]  INFO -- Kitchen: -----> Setting up <tools-centos-71>...
I, [2015-10-18T05:45:11.257703 #10928]  INFO -- Kitchen: -----> Verifying <tools-centos-71>...
I, [2015-10-18T05:45:27.440665 #10928]  INFO -- Kitchen: -----> Destroying <tools-centos-71>...
I, [2015-10-18T05:45:29.632203 #10928]  INFO -- Kitchen: -----> Cleaning up any prior instances of <mongos-centos-71>
I, [2015-10-18T05:45:29.632275 #10928]  INFO -- Kitchen: -----> Destroying <mongos-centos-71>...
I, [2015-10-18T05:45:29.632574 #10928]  INFO -- Kitchen: -----> Testing <mongos-centos-71>
I, [2015-10-18T05:45:29.632630 #10928]  INFO -- Kitchen: -----> Creating <mongos-centos-71>...
