I, [2015-10-18T10:53:36.672551 #3237]  INFO -- tools-centos-65: -----> Converging <tools-centos-65>...
I, [2015-10-18T10:53:36.672937 #3237]  INFO -- tools-centos-65: Preparing files for transfer
I, [2015-10-18T10:53:36.673022 #3237]  INFO -- tools-centos-65: Preparing dna.json
I, [2015-10-18T10:53:36.673221 #3237]  INFO -- tools-centos-65: Resolving cookbook dependencies with Berkshelf 4.0.1...
I, [2015-10-18T10:53:36.836558 #3237]  INFO -- tools-centos-65: Removing non-cookbook files before transfer
I, [2015-10-18T10:53:36.839064 #3237]  INFO -- tools-centos-65: Preparing solo.rb
I, [2015-10-18T10:53:37.114910 #3237]  INFO -- tools-centos-65: -----> Chef Omnibus installation detected (install only if missing)
I, [2015-10-18T10:53:37.172247 #3237]  INFO -- tools-centos-65: Transferring files to <tools-centos-65>
I, [2015-10-18T10:53:40.449816 #3237]  INFO -- tools-centos-65: Starting Chef Client, version 12.5.1
I, [2015-10-18T10:53:41.647798 #3237]  INFO -- tools-centos-65: Compiling Cookbooks...
I, [2015-10-18T10:53:41.675456 #3237]  INFO -- tools-centos-65: Converging 5 resources
I, [2015-10-18T10:53:41.675570 #3237]  INFO -- tools-centos-65: Recipe: mongodb::tools
I, [2015-10-18T10:53:41.677285 #3237]  INFO -- tools-centos-65: 
I, [2015-10-18T10:53:41.677346 #3237]  INFO -- tools-centos-65:   
I, [2015-10-18T10:53:41.677360 #3237]  INFO -- tools-centos-65:   * log[6.5] action write
I, [2015-10-18T10:53:41.677370 #3237]  INFO -- tools-centos-65:   
I, [2015-10-18T10:53:41.677379 #3237]  INFO -- tools-centos-65:   * log[rhel] action write
I, [2015-10-18T10:53:41.677389 #3237]  INFO -- tools-centos-65:   
I, [2015-10-18T10:53:41.677398 #3237]  INFO -- tools-centos-65: Recipe: mongodb::repo
I, [2015-10-18T10:53:41.682297 #3237]  INFO -- tools-centos-65: 
I, [2015-10-18T10:53:41.692207 #3237]  INFO -- tools-centos-65:  (up to date)
I, [2015-10-18T10:53:41.693163 #3237]  INFO -- tools-centos-65:     * execute[yum clean headers mongodb] action nothing (skipped due to action :nothing)
I, [2015-10-18T10:53:41.693214 #3237]  INFO -- tools-centos-65:     * execute[yum-makecache-mongodb] action nothing (skipped due to action :nothing)
I, [2015-10-18T10:53:41.693228 #3237]  INFO -- tools-centos-65:     * ruby_block[yum-cache-reload-mongodb] action nothing (skipped due to action :nothing)
I, [2015-10-18T10:53:41.693238 #3237]  INFO -- tools-centos-65:      (up to date)
I, [2015-10-18T10:53:41.693247 #3237]  INFO -- tools-centos-65: Recipe: mongodb::tools
I, [2015-10-18T10:53:42.999859 #3237]  INFO -- tools-centos-65: 
I, [2015-10-18T10:53:42.999917 #3237]  INFO -- tools-centos-65:     
I, [2015-10-18T10:53:42.999946 #3237]  INFO -- tools-centos-65:     ================================================================================
I, [2015-10-18T10:53:42.999959 #3237]  INFO -- tools-centos-65:     Error executing action `install` on resource 'yum_package[mongodb-org-tools]'
I, [2015-10-18T10:53:42.999975 #3237]  INFO -- tools-centos-65:     ================================================================================
I, [2015-10-18T10:53:42.999997 #3237]  INFO -- tools-centos-65:     
I, [2015-10-18T10:53:43.000021 #3237]  INFO -- tools-centos-65:     Chef::Exceptions::Package
I, [2015-10-18T10:53:43.000040 #3237]  INFO -- tools-centos-65:     -------------------------
I, [2015-10-18T10:53:43.000049 #3237]  INFO -- tools-centos-65:     Version 3.0.7-1-el6 of mongodb-org-tools not found. Did you specify both version and release? (version-release, e.g. 1.84-10.fc6)
I, [2015-10-18T10:53:43.000059 #3237]  INFO -- tools-centos-65:     
I, [2015-10-18T10:53:43.000084 #3237]  INFO -- tools-centos-65:     Resource Declaration:
I, [2015-10-18T10:53:43.000094 #3237]  INFO -- tools-centos-65:     ---------------------
I, [2015-10-18T10:53:43.000103 #3237]  INFO -- tools-centos-65:     # In /tmp/kitchen/cookbooks/mongodb/recipes/tools.rb
I, [2015-10-18T10:53:43.000112 #3237]  INFO -- tools-centos-65:     
I, [2015-10-18T10:53:43.000121 #3237]  INFO -- tools-centos-65:       9: package 'mongodb-org-tools' do
I, [2015-10-18T10:53:43.000130 #3237]  INFO -- tools-centos-65:      10:   action :install
I, [2015-10-18T10:53:43.000147 #3237]  INFO -- tools-centos-65:      11:   version '3.0.7-1-el6'
I, [2015-10-18T10:53:43.000157 #3237]  INFO -- tools-centos-65:      12: end
I, [2015-10-18T10:53:43.000166 #3237]  INFO -- tools-centos-65:      13: 
I, [2015-10-18T10:53:43.000175 #3237]  INFO -- tools-centos-65:     
I, [2015-10-18T10:53:43.000184 #3237]  INFO -- tools-centos-65:     Compiled Resource:
I, [2015-10-18T10:53:43.000192 #3237]  INFO -- tools-centos-65:     ------------------
I, [2015-10-18T10:53:43.000201 #3237]  INFO -- tools-centos-65:     # Declared in /tmp/kitchen/cookbooks/mongodb/recipes/tools.rb:9:in `from_file'
I, [2015-10-18T10:53:43.000211 #3237]  INFO -- tools-centos-65:     
I, [2015-10-18T10:53:43.000220 #3237]  INFO -- tools-centos-65:     yum_package("mongodb-org-tools") do
I, [2015-10-18T10:53:43.000229 #3237]  INFO -- tools-centos-65:       action [:install]
I, [2015-10-18T10:53:43.000238 #3237]  INFO -- tools-centos-65:       retries 0
I, [2015-10-18T10:53:43.000247 #3237]  INFO -- tools-centos-65:       retry_delay 2
I, [2015-10-18T10:53:43.000256 #3237]  INFO -- tools-centos-65:       default_guard_interpreter :default
I, [2015-10-18T10:53:43.000264 #3237]  INFO -- tools-centos-65:       package_name "mongodb-org-tools"
I, [2015-10-18T10:53:43.000273 #3237]  INFO -- tools-centos-65:       version "3.0.7-1-el6"
I, [2015-10-18T10:53:43.000283 #3237]  INFO -- tools-centos-65:       flush_cache {:before=>false, :after=>false}
I, [2015-10-18T10:53:43.000292 #3237]  INFO -- tools-centos-65:       declared_type :package
I, [2015-10-18T10:53:43.000326 #3237]  INFO -- tools-centos-65:       cookbook_name :mongodb
I, [2015-10-18T10:53:43.000334 #3237]  INFO -- tools-centos-65:       recipe_name "tools"
I, [2015-10-18T10:53:43.000343 #3237]  INFO -- tools-centos-65:     end
I, [2015-10-18T10:53:43.000351 #3237]  INFO -- tools-centos-65:     
I, [2015-10-18T10:53:43.000359 #3237]  INFO -- tools-centos-65: 
I, [2015-10-18T10:53:43.000367 #3237]  INFO -- tools-centos-65: Running handlers:
I, [2015-10-18T10:53:43.000375 #3237]  INFO -- tools-centos-65: [2015-10-18T17:53:41+00:00] ERROR: Running exception handlers
I, [2015-10-18T10:53:43.000384 #3237]  INFO -- tools-centos-65: Running handlers complete
I, [2015-10-18T10:53:43.000393 #3237]  INFO -- tools-centos-65: [2015-10-18T17:53:41+00:00] ERROR: Exception handlers complete
I, [2015-10-18T10:53:43.000401 #3237]  INFO -- tools-centos-65: Chef Client failed. 3 resources updated in 02 seconds
I, [2015-10-18T10:53:43.000411 #3237]  INFO -- tools-centos-65: [2015-10-18T17:53:41+00:00] FATAL: Stacktrace dumped to /tmp/kitchen/cache/chef-stacktrace.out
I, [2015-10-18T10:53:43.000420 #3237]  INFO -- tools-centos-65: [2015-10-18T17:53:41+00:00] ERROR: yum_package[mongodb-org-tools] (mongodb::tools line 9) had an error: Chef::Exceptions::Package: Version 3.0.7-1-el6 of mongodb-org-tools not found. Did you specify both version and release? (version-release, e.g. 1.84-10.fc6)
I, [2015-10-18T10:53:43.040479 #3237]  INFO -- tools-centos-65: [2015-10-18T17:53:41+00:00] FATAL: Chef::Exceptions::ChildConvergeError: Chef run process exited unsuccessfully (exit code 1)
E, [2015-10-18T10:53:43.101169 #3237] ERROR -- tools-centos-65: Converge failed on instance <tools-centos-65>.
E, [2015-10-18T10:53:43.101271 #3237] ERROR -- tools-centos-65: ------Exception-------
E, [2015-10-18T10:53:43.101291 #3237] ERROR -- tools-centos-65: Class: Kitchen::ActionFailed
E, [2015-10-18T10:53:43.101303 #3237] ERROR -- tools-centos-65: Message: SSH exited (1) for command: [sh -c '

sudo -E /opt/chef/bin/chef-solo --config /tmp/kitchen/solo.rb --log_level auto --force-formatter --no-color --json-attributes /tmp/kitchen/dna.json
']
E, [2015-10-18T10:53:43.101325 #3237] ERROR -- tools-centos-65: ---Nested Exception---
E, [2015-10-18T10:53:43.101335 #3237] ERROR -- tools-centos-65: Class: Kitchen::Transport::SshFailed
E, [2015-10-18T10:53:43.101343 #3237] ERROR -- tools-centos-65: Message: SSH exited (1) for command: [sh -c '

sudo -E /opt/chef/bin/chef-solo --config /tmp/kitchen/solo.rb --log_level auto --force-formatter --no-color --json-attributes /tmp/kitchen/dna.json
']
E, [2015-10-18T10:53:43.101360 #3237] ERROR -- tools-centos-65: ------Backtrace-------
E, [2015-10-18T10:53:43.101370 #3237] ERROR -- tools-centos-65: /var/lib/gems/2.2.0/gems/test-kitchen-1.4.2/lib/kitchen/provisioner/base.rb:74:in `rescue in call'
E, [2015-10-18T10:53:43.101379 #3237] ERROR -- tools-centos-65: /var/lib/gems/2.2.0/gems/test-kitchen-1.4.2/lib/kitchen/provisioner/base.rb:77:in `call'
E, [2015-10-18T10:53:43.101392 #3237] ERROR -- tools-centos-65: /var/lib/gems/2.2.0/gems/test-kitchen-1.4.2/lib/kitchen/instance.rb:366:in `block in converge_action'
E, [2015-10-18T10:53:43.101410 #3237] ERROR -- tools-centos-65: /var/lib/gems/2.2.0/gems/test-kitchen-1.4.2/lib/kitchen/instance.rb:488:in `call'
E, [2015-10-18T10:53:43.101418 #3237] ERROR -- tools-centos-65: /var/lib/gems/2.2.0/gems/test-kitchen-1.4.2/lib/kitchen/instance.rb:488:in `synchronize_or_call'
E, [2015-10-18T10:53:43.101427 #3237] ERROR -- tools-centos-65: /var/lib/gems/2.2.0/gems/test-kitchen-1.4.2/lib/kitchen/instance.rb:453:in `block in action'
E, [2015-10-18T10:53:43.101435 #3237] ERROR -- tools-centos-65: /usr/lib/ruby/2.2.0/benchmark.rb:288:in `measure'
E, [2015-10-18T10:53:43.101443 #3237] ERROR -- tools-centos-65: /var/lib/gems/2.2.0/gems/test-kitchen-1.4.2/lib/kitchen/instance.rb:452:in `action'
E, [2015-10-18T10:53:43.101451 #3237] ERROR -- tools-centos-65: /var/lib/gems/2.2.0/gems/test-kitchen-1.4.2/lib/kitchen/instance.rb:362:in `converge_action'
E, [2015-10-18T10:53:43.101459 #3237] ERROR -- tools-centos-65: /var/lib/gems/2.2.0/gems/test-kitchen-1.4.2/lib/kitchen/instance.rb:341:in `block in transition_to'
E, [2015-10-18T10:53:43.101468 #3237] ERROR -- tools-centos-65: /var/lib/gems/2.2.0/gems/test-kitchen-1.4.2/lib/kitchen/instance.rb:340:in `each'
E, [2015-10-18T10:53:43.101476 #3237] ERROR -- tools-centos-65: /var/lib/gems/2.2.0/gems/test-kitchen-1.4.2/lib/kitchen/instance.rb:340:in `transition_to'
E, [2015-10-18T10:53:43.101493 #3237] ERROR -- tools-centos-65: /var/lib/gems/2.2.0/gems/test-kitchen-1.4.2/lib/kitchen/instance.rb:160:in `verify'
E, [2015-10-18T10:53:43.101502 #3237] ERROR -- tools-centos-65: /var/lib/gems/2.2.0/gems/test-kitchen-1.4.2/lib/kitchen/command.rb:176:in `public_send'
E, [2015-10-18T10:53:43.101510 #3237] ERROR -- tools-centos-65: /var/lib/gems/2.2.0/gems/test-kitchen-1.4.2/lib/kitchen/command.rb:176:in `block (2 levels) in run_action'
E, [2015-10-18T10:53:43.101518 #3237] ERROR -- tools-centos-65: ----------------------
